2024-10-24 23:59:01,352 - INFO - Started.
2024-10-25 00:14:06,579 - INFO - Started.
2024-10-25 00:14:16,822 - INFO - Best params: {'estimator__device': 'gpu', 'estimator__n_estimators': 100, 'imputer__strategy': 'mean'}
2024-10-25 00:14:16,823 - INFO - Best cross-validated R2: 0.8776129513758354
2024-10-25 00:14:16,844 - INFO - R2 score on test set: 0.9311116603112577
2024-10-25 00:14:16,844 - INFO - RMSE on test set: 215.9164298181546
2024-10-25 00:14:16,844 - INFO - Adjusted R2 score on test set: 0.9310543140162522
2024-10-25 00:14:24,749 - INFO - Best params: {'estimator__device': 'gpu', 'estimator__n_estimators': 50, 'imputer__strategy': 'mean'}
2024-10-25 00:14:24,749 - INFO - Best cross-validated R2: 0.8995525235404418
2024-10-25 00:14:24,762 - INFO - R2 score on test set: 0.7838132512843674
2024-10-25 00:14:24,762 - INFO - RMSE on test set: 474.3873636988696
2024-10-25 00:14:24,762 - INFO - Adjusted R2 score on test set: 0.7836332860083258
2024-10-25 00:14:31,965 - INFO - Best params: {'estimator__device': 'gpu', 'estimator__n_estimators': 50, 'imputer__strategy': 'mean'}
2024-10-25 00:14:31,965 - INFO - Best cross-validated R2: 0.8589094969914448
2024-10-25 00:14:31,978 - INFO - R2 score on test set: 0.8646057182733418
2024-10-25 00:14:31,978 - INFO - RMSE on test set: 370.63660854601653
2024-10-25 00:14:31,978 - INFO - Adjusted R2 score on test set: 0.8644930089170554
2024-10-25 00:14:38,036 - INFO - Best params: {'estimator__device': 'gpu', 'estimator__n_estimators': 100, 'imputer__strategy': 'mean'}
2024-10-25 00:14:38,036 - INFO - Best cross-validated R2: 0.8728849901371344
2024-10-25 00:14:38,050 - INFO - R2 score on test set: 0.9266018057985269
2024-10-25 00:14:38,050 - INFO - RMSE on test set: 214.66741655612262
2024-10-25 00:14:38,050 - INFO - Adjusted R2 score on test set: 0.9265407052622595
2024-10-25 00:14:44,334 - INFO - Best params: {'estimator__device': 'gpu', 'estimator__n_estimators': 100, 'imputer__strategy': 'mean'}
2024-10-25 00:14:44,334 - INFO - Best cross-validated R2: 0.8771154590344385
2024-10-25 00:14:44,348 - INFO - R2 score on test set: 0.9091108731083232
2024-10-25 00:14:44,348 - INFO - RMSE on test set: 233.83435643880114
2024-10-25 00:14:44,348 - INFO - Adjusted R2 score on test set: 0.9090352121952125
2024-10-25 00:17:03,752 - INFO - Started.
2024-10-25 00:17:55,639 - INFO - Best params: {'estimator__n_estimators': 70, 'imputer__strategy': 'mean'}
2024-10-25 00:17:55,639 - INFO - Best cross-validated R2: 0.868792445367958
2024-10-25 00:17:55,661 - INFO - R2 score on test set: 0.9368217886431581
2024-10-25 00:17:55,661 - INFO - RMSE on test set: 173.79223829616902
2024-10-25 00:17:55,661 - INFO - Adjusted R2 score on test set: 0.9367691957607812
2024-10-25 00:18:43,982 - INFO - Best params: {'estimator__n_estimators': 60, 'imputer__strategy': 'mean'}
2024-10-25 00:18:43,984 - INFO - Best cross-validated R2: 0.8463234777865715
2024-10-25 00:18:43,997 - INFO - R2 score on test set: 0.9522993078667533
2024-10-25 00:18:43,997 - INFO - RMSE on test set: 168.18874800414844
2024-10-25 00:18:43,997 - INFO - Adjusted R2 score on test set: 0.9522595992894324
2024-10-25 00:19:31,362 - INFO - Best params: {'estimator__n_estimators': 50, 'imputer__strategy': 'mean'}
2024-10-25 00:19:31,363 - INFO - Best cross-validated R2: 0.8693892048095606
2024-10-25 00:19:31,378 - INFO - R2 score on test set: 0.9239778337294341
2024-10-25 00:19:31,378 - INFO - RMSE on test set: 240.7568884203267
2024-10-25 00:19:31,378 - INFO - Adjusted R2 score on test set: 0.9239145488601281
2024-10-25 00:20:18,681 - INFO - Best params: {'estimator__n_estimators': 80, 'imputer__strategy': 'mean'}
2024-10-25 00:20:18,681 - INFO - Best cross-validated R2: 0.9173950436031976
2024-10-25 00:20:18,696 - INFO - R2 score on test set: 0.8433052886347533
2024-10-25 00:20:18,696 - INFO - RMSE on test set: 297.9204988866967
2024-10-25 00:20:18,696 - INFO - Adjusted R2 score on test set: 0.8431748476750153
2024-10-25 00:21:05,026 - INFO - Best params: {'estimator__n_estimators': 60, 'imputer__strategy': 'mean'}
2024-10-25 00:21:05,029 - INFO - Best cross-validated R2: 0.879336572453884
2024-10-25 00:21:05,043 - INFO - R2 score on test set: 0.927719211211397
2024-10-25 00:21:05,043 - INFO - RMSE on test set: 224.0432579643454
2024-10-25 00:21:05,043 - INFO - Adjusted R2 score on test set: 0.9276590408624551
