2024-12-25 20:28:29,807 - INFO - Started.
2024-12-25 20:28:30,834 - INFO - Data loaded from /home/users/ntu/yang0886/scratch/Dec2024/CPfactors2.csv
2024-12-25 20:29:29,288 - INFO - Best params: {'estimator__n_estimators': 50, 'imputer__strategy': 'mean'}
2024-12-25 20:29:29,289 - INFO - Best cross-validated R2: nan
2024-12-25 20:35:18,719 - INFO - Started.
2024-12-25 20:35:19,390 - INFO - Data loaded from /home/users/ntu/yang0886/scratch/Dec2024/CPfactors2.csv
2024-12-25 20:36:13,740 - INFO - Best params: {'estimator__n_estimators': 50, 'imputer__strategy': 'mean'}
2024-12-25 20:36:13,740 - INFO - Best cross-validated R2: nan
2024-12-25 20:37:54,042 - INFO - Started.
2024-12-25 20:37:54,663 - INFO - Data loaded from /home/users/ntu/yang0886/scratch/Dec2024/CPfactors2.csv
2024-12-25 20:38:48,103 - INFO - Best params: {'estimator__n_estimators': 100, 'imputer__strategy': 'mean'}
2024-12-25 20:38:48,103 - INFO - Best cross-validated R2: 0.8631517588613362
2024-12-25 20:38:48,132 - INFO - R2 score on test set: 0.9036696941826983
2024-12-25 20:38:48,132 - INFO - RMSE on test set: 242.60948919152762
2024-12-25 20:38:48,132 - INFO - Adjusted R2 score on test set: 0.9035586257072339
2024-12-25 20:39:38,288 - INFO - Best params: {'estimator__n_estimators': 100, 'imputer__strategy': 'mean'}
2024-12-25 20:39:38,288 - INFO - Best cross-validated R2: 0.835979297081877
2024-12-25 20:39:38,307 - INFO - R2 score on test set: 0.9022205909792982
2024-12-25 20:39:38,307 - INFO - RMSE on test set: 209.1200840652399
2024-12-25 20:39:38,307 - INFO - Adjusted R2 score on test set: 0.9021078516933633
2024-12-25 20:40:27,426 - INFO - Best params: {'estimator__n_estimators': 100, 'imputer__strategy': 'mean'}
2024-12-25 20:40:27,426 - INFO - Best cross-validated R2: 0.8638855436202714
2024-12-25 20:40:27,446 - INFO - R2 score on test set: 0.9033061004623756
2024-12-25 20:40:27,446 - INFO - RMSE on test set: 266.57563387858767
2024-12-25 20:40:27,446 - INFO - Adjusted R2 score on test set: 0.9031946127647374
2024-12-25 20:41:16,365 - INFO - Best params: {'estimator__n_estimators': 100, 'imputer__strategy': 'mean'}
2024-12-25 20:41:16,365 - INFO - Best cross-validated R2: 0.9160104895988668
2024-12-25 20:41:16,383 - INFO - R2 score on test set: 0.6702518815218066
2024-12-25 20:41:16,383 - INFO - RMSE on test set: 495.61485550308015
2024-12-25 20:41:16,383 - INFO - Adjusted R2 score on test set: 0.6698716831979679
2024-12-25 20:42:05,466 - INFO - Best params: {'estimator__n_estimators': 100, 'imputer__strategy': 'mean'}
2024-12-25 20:42:05,467 - INFO - Best cross-validated R2: 0.8319783647961374
2024-12-25 20:42:05,486 - INFO - R2 score on test set: 0.9193218674009045
2024-12-25 20:42:05,486 - INFO - RMSE on test set: 220.99992921803116
2024-12-25 20:42:05,486 - INFO - Adjusted R2 score on test set: 0.9192288458215058
2024-12-25 21:01:30,578 - INFO - Started.
2024-12-25 21:01:30,840 - INFO - Data loaded from /home/users/ntu/yang0886/scratch/Dec2024/5CPfactors2.csv
2024-12-25 21:02:20,992 - INFO - Best params: {'estimator__n_estimators': 100, 'imputer__strategy': 'mean'}
2024-12-25 21:02:20,992 - INFO - Best cross-validated R2: 0.7681248472376438
2024-12-25 21:02:21,012 - INFO - R2 score on test set: 0.7359945619571997
2024-12-25 21:02:21,012 - INFO - RMSE on test set: 361.53517966382435
2024-12-25 21:02:21,012 - INFO - Adjusted R2 score on test set: 0.7358762685940183
2024-12-25 21:03:07,610 - INFO - Best params: {'estimator__n_estimators': 100, 'imputer__strategy': 'mean'}
2024-12-25 21:03:07,614 - INFO - Best cross-validated R2: 0.7202337197243227
2024-12-25 21:03:07,623 - INFO - R2 score on test set: 0.7473214378256539
2024-12-25 21:03:07,623 - INFO - RMSE on test set: 365.612696943804
2024-12-25 21:03:07,623 - INFO - Adjusted R2 score on test set: 0.747208219714902
2024-12-25 21:03:54,187 - INFO - Best params: {'estimator__n_estimators': 100, 'imputer__strategy': 'mean'}
2024-12-25 21:03:54,187 - INFO - Best cross-validated R2: 0.7375136176395892
2024-12-25 21:03:54,198 - INFO - R2 score on test set: 0.7458281733938316
2024-12-25 21:03:54,198 - INFO - RMSE on test set: 362.72854524779177
2024-12-25 21:03:54,198 - INFO - Adjusted R2 score on test set: 0.74571428619356
2024-12-25 21:04:41,229 - INFO - Best params: {'estimator__n_estimators': 100, 'imputer__strategy': 'mean'}
2024-12-25 21:04:41,229 - INFO - Best cross-validated R2: 0.7438831697566427
2024-12-25 21:04:41,240 - INFO - R2 score on test set: 0.8225067242495727
2024-12-25 21:04:41,240 - INFO - RMSE on test set: 353.3174453179851
2024-12-25 21:04:41,240 - INFO - Adjusted R2 score on test set: 0.8224271945372825
2024-12-25 21:05:28,016 - INFO - Best params: {'estimator__n_estimators': 100, 'imputer__strategy': 'mean'}
2024-12-25 21:05:28,016 - INFO - Best cross-validated R2: 0.7258889554581287
2024-12-25 21:05:28,026 - INFO - R2 score on test set: 0.8423937157824268
2024-12-25 21:05:28,026 - INFO - RMSE on test set: 359.023897690278
2024-12-25 21:05:28,026 - INFO - Adjusted R2 score on test set: 0.842323096868071
2024-12-25 22:44:00,299 - INFO - Started.
2024-12-25 22:44:01,185 - INFO - Data loaded from /home/users/ntu/yang0886/scratch/Dec2024/CPfactors2.csv
2024-12-25 22:44:58,392 - INFO - Best params: {'estimator__n_estimators': 100, 'imputer__strategy': 'mean'}
2024-12-25 22:44:58,392 - INFO - Best cross-validated R2: 0.8613414018166938
2024-12-25 22:44:58,420 - INFO - R2 score on test set: 0.8787850090392901
2024-12-25 22:44:58,420 - INFO - RMSE on test set: 301.82072528512066
2024-12-25 22:44:58,420 - INFO - Adjusted R2 score on test set: 0.8786452486166982
2024-12-25 22:45:47,376 - INFO - Best params: {'estimator__n_estimators': 100, 'imputer__strategy': 'mean'}
2024-12-25 22:45:47,376 - INFO - Best cross-validated R2: 0.866495867799362
2024-12-25 22:45:47,395 - INFO - R2 score on test set: 0.9058323054784754
2024-12-25 22:45:47,395 - INFO - RMSE on test set: 207.83353086394627
2024-12-25 22:45:47,395 - INFO - Adjusted R2 score on test set: 0.9057237304855927
2024-12-25 22:46:37,063 - INFO - Best params: {'estimator__n_estimators': 100, 'imputer__strategy': 'mean'}
2024-12-25 22:46:37,064 - INFO - Best cross-validated R2: 0.8390844619662122
2024-12-25 22:46:37,081 - INFO - R2 score on test set: 0.9356873085543393
2024-12-25 22:46:37,081 - INFO - RMSE on test set: 193.54813541753194
2024-12-25 22:46:37,081 - INFO - Adjusted R2 score on test set: 0.935613156266217
2024-12-25 22:47:26,960 - INFO - Best params: {'estimator__n_estimators': 100, 'imputer__strategy': 'mean'}
2024-12-25 22:47:26,960 - INFO - Best cross-validated R2: 0.8789355408681689
2024-12-25 22:47:26,977 - INFO - R2 score on test set: 0.7365601974816516
2024-12-25 22:47:26,977 - INFO - RMSE on test set: 448.8502901808581
2024-12-25 22:47:26,977 - INFO - Adjusted R2 score on test set: 0.7362564523933942
2024-12-25 22:48:15,802 - INFO - Best params: {'estimator__n_estimators': 100, 'imputer__strategy': 'mean'}
2024-12-25 22:48:15,802 - INFO - Best cross-validated R2: 0.86087838598753
2024-12-25 22:48:15,820 - INFO - R2 score on test set: 0.9280573467832594
2024-12-25 22:48:15,820 - INFO - RMSE on test set: 221.08051573199754
2024-12-25 22:48:15,820 - INFO - Adjusted R2 score on test set: 0.927974397178295
2024-12-26 18:29:12,952 - INFO - Started.
2024-12-26 18:29:18,382 - INFO - Data loaded from /home/users/ntu/yang0886/scratch/Dec2024/CPfactors2.csv
2024-12-26 18:30:21,020 - INFO - Best params: {'estimator__n_estimators': 100, 'imputer__strategy': 'mean'}
2024-12-26 18:30:21,020 - INFO - Best cross-validated R2: 0.8857085015189682
2024-12-26 18:30:21,033 - INFO - R2 score on test set: 0.20800741711911575
2024-12-26 18:30:21,033 - INFO - RMSE on test set: 166.29691452490752
2024-12-26 18:30:21,033 - INFO - Adjusted R2 score on test set: 0.19621768514978555
2024-12-26 18:31:10,601 - INFO - Best params: {'estimator__n_estimators': 100, 'imputer__strategy': 'mean'}
2024-12-26 18:31:10,601 - INFO - Best cross-validated R2: 0.860098789400336
2024-12-26 18:31:10,606 - INFO - R2 score on test set: 0.20800741711911575
2024-12-26 18:31:10,606 - INFO - RMSE on test set: 166.29691452490752
2024-12-26 18:31:10,607 - INFO - Adjusted R2 score on test set: 0.19621768514978555
2024-12-26 18:32:00,064 - INFO - Best params: {'estimator__n_estimators': 100, 'imputer__strategy': 'mean'}
2024-12-26 18:32:00,064 - INFO - Best cross-validated R2: 0.8707056055971178
2024-12-26 18:32:00,070 - INFO - R2 score on test set: 0.20800741711911575
2024-12-26 18:32:00,070 - INFO - RMSE on test set: 166.29691452490752
2024-12-26 18:32:00,070 - INFO - Adjusted R2 score on test set: 0.19621768514978555
2024-12-26 18:32:48,499 - INFO - Best params: {'estimator__n_estimators': 100, 'imputer__strategy': 'mean'}
2024-12-26 18:32:48,500 - INFO - Best cross-validated R2: 0.873875978580435
2024-12-26 18:32:48,505 - INFO - R2 score on test set: 0.20800741711911575
2024-12-26 18:32:48,505 - INFO - RMSE on test set: 166.29691452490752
2024-12-26 18:32:48,505 - INFO - Adjusted R2 score on test set: 0.19621768514978555
2024-12-26 18:33:37,576 - INFO - Best params: {'estimator__n_estimators': 100, 'imputer__strategy': 'mean'}
2024-12-26 18:33:37,577 - INFO - Best cross-validated R2: 0.8741804248550126
2024-12-26 18:33:37,582 - INFO - R2 score on test set: 0.20800741711911575
2024-12-26 18:33:37,582 - INFO - RMSE on test set: 166.29691452490752
2024-12-26 18:33:37,582 - INFO - Adjusted R2 score on test set: 0.19621768514978555
2024-12-26 19:40:31,294 - INFO - Started.
2024-12-26 19:40:34,941 - INFO - Data loaded from /home/users/ntu/yang0886/scratch/Dec2024/CPfactors2.csv
2024-12-26 19:47:03,796 - INFO - Started.
2024-12-26 19:47:04,607 - INFO - Data loaded from /home/users/ntu/yang0886/scratch/Dec2024/CPfactors2.csv
2024-12-26 19:48:08,355 - INFO - Best params: {'estimator__n_estimators': 100, 'imputer__strategy': 'mean'}
2024-12-26 19:48:08,356 - INFO - Best cross-validated R2: 0.8733110626737592
2024-12-26 19:48:08,370 - INFO - R2 score on test set: -0.9715019925533703
2024-12-26 19:48:08,370 - INFO - RMSE on test set: 203.264370642976
2024-12-26 19:48:08,370 - INFO - Adjusted R2 score on test set: -1.014360731521922
2024-12-26 19:48:57,540 - INFO - Best params: {'estimator__n_estimators': 100, 'imputer__strategy': 'mean'}
2024-12-26 19:48:57,540 - INFO - Best cross-validated R2: 0.8754467729941707
2024-12-26 19:48:57,545 - INFO - R2 score on test set: -0.9715019925533703
2024-12-26 19:48:57,545 - INFO - RMSE on test set: 203.264370642976
2024-12-26 19:48:57,545 - INFO - Adjusted R2 score on test set: -1.014360731521922
2024-12-26 19:49:47,378 - INFO - Best params: {'estimator__n_estimators': 100, 'imputer__strategy': 'mean'}
2024-12-26 19:49:47,378 - INFO - Best cross-validated R2: 0.8758964001528621
2024-12-26 19:49:47,383 - INFO - R2 score on test set: -0.9715019925533703
2024-12-26 19:49:47,383 - INFO - RMSE on test set: 203.264370642976
2024-12-26 19:49:47,383 - INFO - Adjusted R2 score on test set: -1.014360731521922
2024-12-26 19:50:36,270 - INFO - Best params: {'estimator__n_estimators': 100, 'imputer__strategy': 'mean'}
2024-12-26 19:50:36,270 - INFO - Best cross-validated R2: 0.8793274159532019
2024-12-26 19:50:36,275 - INFO - R2 score on test set: -0.9715019925533703
2024-12-26 19:50:36,275 - INFO - RMSE on test set: 203.264370642976
2024-12-26 19:50:36,275 - INFO - Adjusted R2 score on test set: -1.014360731521922
2024-12-26 19:51:25,627 - INFO - Best params: {'estimator__n_estimators': 100, 'imputer__strategy': 'mean'}
2024-12-26 19:51:25,627 - INFO - Best cross-validated R2: 0.8778863301439339
2024-12-26 19:51:25,633 - INFO - R2 score on test set: -0.9715019925533703
2024-12-26 19:51:25,633 - INFO - RMSE on test set: 203.264370642976
2024-12-26 19:51:25,633 - INFO - Adjusted R2 score on test set: -1.014360731521922
