2024-12-25 14:40:06,688 - INFO - Started.
2024-12-25 14:40:07,383 - INFO - Data loaded from /home/users/ntu/yang0886/scratch/Dec2024/RDfactors.csv
2024-12-25 14:40:11,995 - INFO - use cuda
2024-12-25 14:40:12,587 - INFO - Epoch 1/100000, Loss: 578100.375
2024-12-25 14:40:17,338 - INFO - Epoch 501/100000, Loss: 445923.375
2024-12-25 14:40:21,180 - INFO - Epoch 1001/100000, Loss: 1029146.8125
2024-12-25 14:40:22,074 - INFO - Loss on test set: 1271961.75
2024-12-25 14:40:22,075 - INFO - RMSE: 1127.8127614989999, R2: -1.2417330741882324
2024-12-25 14:40:22,075 - INFO - Adjusted R2: -1.2436095622622911
2024-12-25 14:42:26,956 - INFO - Started.
2024-12-25 14:42:27,650 - INFO - Data loaded from /home/users/ntu/yang0886/scratch/Dec2024/RDfactors.csv
2024-12-25 14:42:32,311 - INFO - use cuda
2024-12-25 14:42:32,887 - INFO - Epoch 1/100000, Loss: 580242.25
2024-12-25 14:42:42,273 - INFO - Epoch 501/100000, Loss: 561905.3125
2024-12-25 14:42:48,763 - INFO - Epoch 1001/100000, Loss: 547106.25
2024-12-25 14:42:54,300 - INFO - Epoch 1501/100000, Loss: 533358.4375
2024-12-25 14:42:58,783 - INFO - Epoch 2001/100000, Loss: 520064.5625
2024-12-25 14:43:03,440 - INFO - Epoch 2501/100000, Loss: 504749.65625
2024-12-25 14:43:07,417 - INFO - Epoch 3001/100000, Loss: 492106.9375
2024-12-25 14:43:10,521 - INFO - Loss on test set: 529097.125
2024-12-25 14:43:10,522 - INFO - RMSE: 727.3906275172922, R2: 0.06750762462615967
2024-12-25 14:43:10,522 - INFO - Adjusted R2: 0.06672706299654929
2024-12-25 15:05:46,330 - INFO - Started.
2024-12-25 15:05:47,428 - INFO - Data loaded from /home/users/ntu/yang0886/scratch/Dec2024/RDfactors.csv
2024-12-25 15:05:51,735 - INFO - use cuda
2024-12-25 15:05:53,073 - INFO - Epoch 1/100000, Loss: 580249.8125
2024-12-25 15:06:00,354 - INFO - Epoch 501/100000, Loss: 561272.375
2024-12-25 15:06:00,938 - INFO - Loss on test set: 558770.875
2024-12-25 15:06:00,939 - INFO - RMSE: 747.5097825446835, R2: 0.01521003246307373
2024-12-25 15:06:00,939 - INFO - Adjusted R2: 0.014385694074702027
2024-12-25 15:13:26,905 - INFO - Started.
2024-12-25 15:13:27,571 - INFO - Data loaded from /home/users/ntu/yang0886/scratch/Dec2024/RDfactors.csv
2024-12-25 15:13:31,419 - INFO - use cuda
2024-12-25 15:13:32,014 - INFO - Epoch 1/100000, Loss: 580340.1875
2024-12-25 15:13:47,458 - INFO - Epoch 501/100000, Loss: 576078.875
2024-12-25 15:13:54,479 - INFO - Epoch 1001/100000, Loss: 574351.625
2024-12-25 15:13:55,609 - INFO - Loss on test set: 573869.4375
2024-12-25 15:13:55,610 - INFO - RMSE: 757.541706772637, R2: -0.011400103569030762
2024-12-25 15:13:55,610 - INFO - Adjusted R2: -0.012246716510732725
2024-12-25 19:37:25,281 - INFO - Started.
2024-12-25 19:37:26,030 - INFO - Data loaded from /home/users/ntu/yang0886/scratch/Dec2024/CPfactors2.csv
2024-12-25 19:37:29,762 - INFO - use cuda
2024-12-25 19:37:32,742 - INFO - Epoch 1/100000, Loss: 579824.6875
2024-12-25 19:37:44,376 - INFO - Epoch 501/100000, Loss: 560982.5625
2024-12-25 19:37:50,707 - INFO - Epoch 1001/100000, Loss: 547331.3125
2024-12-25 19:37:55,758 - INFO - Epoch 1501/100000, Loss: 533651.9375
2024-12-25 19:37:56,030 - INFO - Loss on test set: 531981.3125
2024-12-25 19:37:56,032 - INFO - RMSE: 729.370447715014, R2: 0.060953736305236816
2024-12-25 19:37:56,032 - INFO - Adjusted R2: 0.060081743297002776
2024-12-25 19:58:30,008 - INFO - Started.
2024-12-25 19:58:30,612 - INFO - Data loaded from /home/users/ntu/yang0886/scratch/Dec2024/CPfactors2.csv
2024-12-25 19:58:34,602 - INFO - use cuda
2024-12-25 19:58:36,110 - INFO - Epoch 1/100000, Loss: 579881.4375
2024-12-25 19:58:46,652 - INFO - Epoch 501/100000, Loss: 560522.9375
2024-12-25 19:58:52,856 - INFO - Epoch 1001/100000, Loss: 544955.25
2024-12-25 19:58:58,222 - INFO - Epoch 1501/100000, Loss: 532335.5
2024-12-25 19:59:02,143 - INFO - Epoch 2001/100000, Loss: 514636.5
2024-12-25 19:59:06,187 - INFO - Epoch 2501/100000, Loss: 502860.21875
2024-12-25 19:59:10,270 - INFO - Epoch 3001/100000, Loss: 520859.65625
2024-12-25 19:59:12,383 - INFO - Loss on test set: 509297.03125
2024-12-25 19:59:12,384 - INFO - RMSE: 713.6504965667718, R2: 0.10099560022354126
2024-12-25 19:59:12,384 - INFO - Adjusted R2: 0.10016078986191723
2024-12-25 21:34:52,939 - INFO - Started.
2024-12-25 21:34:53,151 - INFO - Data loaded from /home/users/ntu/yang0886/scratch/Dec2024/5CPfactors2.csv
2024-12-25 21:34:54,326 - INFO - use cuda
2024-12-25 21:34:57,518 - INFO - Epoch 1/100000, Loss: 579943.3125
2024-12-25 21:35:01,933 - INFO - Epoch 501/100000, Loss: 560760.3125
2024-12-25 21:35:04,822 - INFO - Epoch 1001/100000, Loss: 545460.125
2024-12-25 21:35:08,534 - INFO - Epoch 1501/100000, Loss: 533790.75
2024-12-25 21:35:10,898 - INFO - Loss on test set: 517843.625
2024-12-25 21:35:10,899 - INFO - RMSE: 719.6135464608765, R2: 0.08590924739837646
2024-12-25 21:35:10,899 - INFO - Adjusted R2: 0.08570450417336006
2024-12-26 18:29:44,160 - INFO - Started.
2024-12-26 18:29:45,997 - INFO - Data loaded from /home/users/ntu/yang0886/scratch/Dec2024/CPfactors2.csv
2024-12-26 18:30:00,127 - INFO - use cuda
2024-12-26 18:30:08,467 - INFO - Epoch 1/100000, Loss: 35336.515625
2024-12-26 18:30:14,347 - INFO - Epoch 501/100000, Loss: 34413.65234375
2024-12-26 18:30:18,543 - INFO - Epoch 1001/100000, Loss: 33781.36328125
2024-12-26 18:30:22,347 - INFO - Epoch 1501/100000, Loss: 33171.984375
2024-12-26 18:30:24,348 - INFO - Loss on test set: 32757.669921875
2024-12-26 18:30:24,350 - INFO - RMSE: 180.9907844684364, R2: 0.061864256858825684
2024-12-26 18:30:24,350 - INFO - Adjusted R2: 0.05080809576549883
2024-12-27 21:13:59,770 - INFO - Started.
2024-12-27 21:14:00,648 - INFO - Data loaded from /home/users/ntu/yang0886/scratch/Dec2024/CPfactors2.csv
2024-12-27 21:29:36,096 - INFO - Started.
2024-12-27 21:29:36,887 - INFO - Data loaded from /home/users/ntu/yang0886/scratch/Dec2024/CPfactors2.csv
2024-12-27 21:50:09,640 - INFO - Started.
2024-12-27 21:50:10,452 - INFO - Data loaded from /home/users/ntu/yang0886/scratch/Dec2024/CPfactors2.csv
2024-12-27 21:50:22,477 - INFO - use cuda
2024-12-27 21:50:41,846 - INFO - Epoch 1/100000, Loss: 579855.0
2024-12-27 21:51:24,235 - INFO - Epoch 501/100000, Loss: 561757.875
2024-12-27 21:51:45,955 - INFO - Epoch 1001/100000, Loss: 546371.25
2024-12-27 21:52:03,741 - INFO - Epoch 1501/100000, Loss: 533569.1875
2024-12-27 21:52:33,134 - INFO - Epoch 2001/100000, Loss: 519854.03125
2024-12-27 21:52:39,221 - INFO - Epoch 2501/100000, Loss: 507780.40625
2024-12-27 21:52:51,153 - INFO - Epoch 3001/100000, Loss: 499277.46875
2024-12-27 21:52:55,700 - INFO - Epoch 3501/100000, Loss: 490952.6875
2024-12-27 21:52:59,815 - INFO - Epoch 4001/100000, Loss: 488736.9375
2024-12-27 21:53:01,249 - INFO - Loss on test set: 496702.53125
2024-12-27 21:53:01,250 - INFO - RMSE: 704.7712616516085, R2: 0.12322729825973511
2024-12-27 21:53:01,250 - INFO - Adjusted R2: 0.122469330055746
2024-12-27 22:20:24,289 - INFO - Started.
2024-12-27 22:20:24,677 - INFO - Data loaded from /home/users/ntu/yang0886/scratch/Dec2024/CPfactors3.csv
2024-12-27 22:20:28,633 - INFO - use cuda
2024-12-27 22:20:46,338 - INFO - Epoch 1/100000, Loss: 794758.4375
2024-12-27 22:21:11,482 - INFO - Epoch 501/100000, Loss: 767218.9375
2024-12-27 22:21:19,415 - INFO - Epoch 1001/100000, Loss: 741429.8125
2024-12-27 22:21:22,762 - INFO - Epoch 1501/100000, Loss: 726097.0
2024-12-27 22:21:23,983 - INFO - Loss on test set: 718327.125
2024-12-27 22:21:23,984 - INFO - RMSE: 847.5417762564864, R2: 0.08215504884719849
2024-12-27 22:21:23,984 - INFO - Adjusted R2: 0.08175575434988724
