2024-10-24 23:39:35,003 - INFO - Started.
2024-10-24 23:42:33,176 - INFO - Best params: {'estimator__max_depth': 10, 'estimator__min_samples_leaf': 10, 'estimator__min_samples_split': 20, 'estimator__n_estimators': 10, 'imputer__strategy': 'mean'}
2024-10-24 23:42:33,177 - INFO - Best cross-validated R2: 0.834919992142446
2024-10-24 23:42:33,196 - INFO - R2 score on test set: 0.7586127447366561
2024-10-24 23:42:33,197 - INFO - RMSE on test set: 389.42416841760195
2024-10-24 23:42:33,197 - INFO - Adjusted R2 score on test set: 0.7584118012270077
2024-10-24 23:47:07,527 - INFO - Best params: {'estimator__max_depth': 10, 'estimator__min_samples_leaf': 10, 'estimator__min_samples_split': 10, 'estimator__n_estimators': 100, 'imputer__strategy': 'mean'}
2024-10-24 23:47:07,527 - INFO - Best cross-validated R2: 0.8164910904913215
2024-10-24 23:47:07,660 - INFO - R2 score on test set: 0.8860910326736334
2024-10-24 23:47:07,660 - INFO - RMSE on test set: 232.5368202938961
2024-10-24 23:47:07,660 - INFO - Adjusted R2 score on test set: 0.8859962088286462
2024-10-24 23:53:01,238 - INFO - Best params: {'estimator__max_depth': 100, 'estimator__min_samples_leaf': 10, 'estimator__min_samples_split': 20, 'estimator__n_estimators': 100, 'imputer__strategy': 'mean'}
2024-10-24 23:53:01,239 - INFO - Best cross-validated R2: 0.8018392840273247
2024-10-24 23:53:01,589 - INFO - R2 score on test set: 0.9302015736076498
2024-10-24 23:53:01,590 - INFO - RMSE on test set: 195.4778404488515
2024-10-24 23:53:01,590 - INFO - Adjusted R2 score on test set: 0.9301434697083701
2024-10-24 23:56:00,424 - INFO - Best params: {'estimator__max_depth': 10, 'estimator__min_samples_leaf': 10, 'estimator__min_samples_split': 10, 'estimator__n_estimators': 10, 'imputer__strategy': 'mean'}
2024-10-24 23:56:00,425 - INFO - Best cross-validated R2: 0.8292454065264463
2024-10-24 23:56:00,446 - INFO - R2 score on test set: 0.9039032201166862
2024-10-24 23:56:00,447 - INFO - RMSE on test set: 231.76741006102205
2024-10-24 23:56:00,447 - INFO - Adjusted R2 score on test set: 0.9038232240779782
2024-10-24 23:58:58,087 - INFO - Best params: {'estimator__max_depth': 10, 'estimator__min_samples_leaf': 10, 'estimator__min_samples_split': 20, 'estimator__n_estimators': 10, 'imputer__strategy': 'mean'}
2024-10-24 23:58:58,088 - INFO - Best cross-validated R2: 0.8383541718611751
2024-10-24 23:58:58,108 - INFO - R2 score on test set: 0.7626717544544905
2024-10-24 23:58:58,108 - INFO - RMSE on test set: 355.98592048178494
2024-10-24 23:58:58,108 - INFO - Adjusted R2 score on test set: 0.7624741898790677
