2024-10-25 00:10:41,698 - INFO - Started.
2024-10-25 00:11:09,244 - INFO - Best alpha: {'estimator__alpha': 1.4000000000000001, 'estimator__fit_intercept': True, 'estimator__positive': False, 'imputer__strategy': 'mean'}
2024-10-25 00:11:09,245 - INFO - Best cross-validated R2: 0.4713596079775126
2024-10-25 00:11:09,277 - INFO - R2 score on test set: 0.5383507947019541
2024-10-25 00:11:09,277 - INFO - RMSE on test set: 619.4512389594283
2024-10-25 00:11:30,039 - INFO - Best alpha: {'estimator__alpha': 2.7, 'estimator__fit_intercept': True, 'estimator__positive': False, 'imputer__strategy': 'mean'}
2024-10-25 00:11:30,041 - INFO - Best cross-validated R2: 0.4977742996877276
2024-10-25 00:11:30,063 - INFO - R2 score on test set: 0.47973140712825635
2024-10-25 00:11:30,063 - INFO - RMSE on test set: 729.7371344283083
2024-10-25 00:11:52,041 - INFO - Best alpha: {'estimator__alpha': 3.0000000000000004, 'estimator__fit_intercept': True, 'estimator__positive': False, 'imputer__strategy': 'mean'}
2024-10-25 00:11:52,041 - INFO - Best cross-validated R2: 0.48924993187230703
2024-10-25 00:11:52,054 - INFO - R2 score on test set: 0.4973675482901313
2024-10-25 00:11:52,054 - INFO - RMSE on test set: 546.9243449442017
2024-10-25 00:12:14,954 - INFO - Best alpha: {'estimator__alpha': 2.3000000000000003, 'estimator__fit_intercept': True, 'estimator__positive': False, 'imputer__strategy': 'mean'}
2024-10-25 00:12:14,955 - INFO - Best cross-validated R2: 0.4666254071077571
2024-10-25 00:12:14,993 - INFO - R2 score on test set: 0.4901292536360268
2024-10-25 00:12:14,993 - INFO - RMSE on test set: 654.4159717554098
2024-10-25 00:12:32,811 - INFO - Best alpha: {'estimator__alpha': 0.6, 'estimator__fit_intercept': True, 'estimator__positive': False, 'imputer__strategy': 'mean'}
2024-10-25 00:12:32,812 - INFO - Best cross-validated R2: 0.47396091581008404
2024-10-25 00:12:32,826 - INFO - R2 score on test set: 0.5449167572159692
2024-10-25 00:12:32,826 - INFO - RMSE on test set: 578.1599842377294
